[FATAL] 2022-10-03 14:44:10.134 [main] StepDef - Setup1 Executed..........
[INFO ] 2022-10-03 14:44:10.312 [main] StepDef - Chrome Browser Launched
[INFO ] 2022-10-03 14:44:12.841 [main] StepDef - Url Opened
[INFO ] 2022-10-03 14:44:15.496 [main] StepDef - email and password entered
[INFO ] 2022-10-03 14:44:21.121 [main] StepDef - Click On Login Button
[WARN ] 2022-10-03 14:44:21.136 [main] StepDef - Test passed: Login feature :Page title matched.
[INFO ] 2022-10-03 14:44:25.116 [main] StepDef - user clicked on logout link.
[WARN ] 2022-10-03 14:44:25.142 [main] StepDef - Test passed: Login feature :Page title matched.
[INFO ] 2022-10-03 14:44:25.617 [main] StepDef - Browser closed
[FATAL] 2022-10-03 14:53:42.606 [main] StepDef - Setup1 Executed..........
[INFO ] 2022-10-03 14:53:42.724 [main] StepDef - Chrome Browser Launched
[INFO ] 2022-10-03 14:53:45.446 [main] StepDef - Url Opened
[INFO ] 2022-10-03 14:53:48.079 [main] StepDef - email and password entered
[INFO ] 2022-10-03 14:54:01.918 [main] StepDef - Click On Login Button
[WARN ] 2022-10-03 14:54:01.969 [main] StepDef - Test passed: Login feature :Page title matched.
[INFO ] 2022-10-03 14:54:07.831 [main] StepDef - Setup2 Executed..........
[INFO ] 2022-10-03 14:54:07.837 [main] StepDef - Chrome Browser Launched
[INFO ] 2022-10-03 14:54:08.850 [main] StepDef - Url Opened
[INFO ] 2022-10-03 14:54:11.383 [main] StepDef - email and password entered
[INFO ] 2022-10-03 14:54:17.159 [main] StepDef - Click On Login Button
[WARN ] 2022-10-03 14:54:17.177 [main] StepDef - Test passed: Login feature :Page title matched.
[INFO ] 2022-10-03 14:54:21.545 [main] StepDef - user clicked on logout link.
[WARN ] 2022-10-03 14:54:21.564 [main] StepDef - Test passed: Login feature :Page title matched.
[INFO ] 2022-10-03 14:54:22.072 [main] StepDef - Browser closed
[FATAL] 2022-10-03 15:09:14.487 [main] StepDef - Setup1 Executed..........
[INFO ] 2022-10-03 15:09:14.608 [main] StepDef - Chrome Browser Launched
[INFO ] 2022-10-03 15:09:17.102 [main] StepDef - Url Opened
[INFO ] 2022-10-03 15:09:19.843 [main] StepDef - email and password entered
[INFO ] 2022-10-03 15:09:26.796 [main] StepDef - Click On Login Button
[WARN ] 2022-10-03 15:09:26.821 [main] StepDef - Test passed: Login feature :Page title matched.
[INFO ] 2022-10-03 15:09:31.060 [main] StepDef - user clicked on logout link.
[WARN ] 2022-10-03 15:09:31.080 [main] StepDef - Test passed: Login feature :Page title matched.
[INFO ] 2022-10-03 15:09:31.448 [main] StepDef - Browser closed
[INFO ] 2022-10-03 15:09:33.280 [main] StepDef - Setup2 Executed..........
[INFO ] 2022-10-03 15:09:33.287 [main] StepDef - Chrome Browser Launched
[INFO ] 2022-10-03 15:09:51.289 [main] StepDef - Url Opened
[INFO ] 2022-10-03 15:09:54.100 [main] StepDef - email and password entered
[INFO ] 2022-10-03 15:10:00.468 [main] StepDef - Click On Login Button
[WARN ] 2022-10-03 15:10:00.502 [main] StepDef - Test passed: Login feature :Page title matched.
[INFO ] 2022-10-03 15:10:04.931 [main] StepDef - user clicked on logout link.
[WARN ] 2022-10-03 15:10:04.948 [main] StepDef - Test passed: Login feature :Page title matched.
[INFO ] 2022-10-03 15:10:05.373 [main] StepDef - Browser closed
[FATAL] 2022-10-03 15:15:38.851 [main] StepDef - Setup1 Executed..........
[INFO ] 2022-10-03 15:15:38.869 [main] StepDef - Chrome Browser Launched
[INFO ] 2022-10-03 15:15:50.426 [main] StepDef - Url Opened
[INFO ] 2022-10-03 15:15:52.943 [main] StepDef - email and password entered
[INFO ] 2022-10-03 15:16:01.231 [main] StepDef - Click On Login Button
[INFO ] 2022-10-03 15:16:01.299 [main] StepDef - user can view dashboard test passed.
[INFO ] 2022-10-03 15:16:01.517 [main] StepDef - customer menu clicked
[INFO ] 2022-10-03 15:16:04.538 [main] StepDef - customer menu item clicked
[INFO ] 2022-10-03 15:16:07.296 [main] StepDef - Clicked on search button.
[INFO ] 2022-10-03 15:16:07.688 [main] StepDef - Browser closed
[FATAL] 2022-10-03 15:16:09.844 [main] StepDef - Setup1 Executed..........
[INFO ] 2022-10-03 15:16:09.852 [main] StepDef - Chrome Browser Launched
[INFO ] 2022-10-03 15:16:11.970 [main] StepDef - Url Opened
[INFO ] 2022-10-03 15:16:14.442 [main] StepDef - email and password entered
[INFO ] 2022-10-03 15:16:19.601 [main] StepDef - Click On Login Button
[WARN ] 2022-10-03 15:16:19.623 [main] StepDef - Test passed: Login feature :Page title matched.
[INFO ] 2022-10-03 15:16:23.633 [main] StepDef - user clicked on logout link.
[WARN ] 2022-10-03 15:16:23.650 [main] StepDef - Test passed: Login feature :Page title matched.
[INFO ] 2022-10-03 15:16:23.951 [main] StepDef - Browser closed
[INFO ] 2022-10-03 15:16:24.178 [main] StepDef - Chrome Browser Launched
[FATAL] 2022-10-03 18:22:23.996 [main] StepDef - Setup1 Executed..........
[INFO ] 2022-10-03 18:22:24.135 [main] StepDef - Chrome Browser Launched
[FATAL] 2022-10-03 18:22:29.499 [main] StepDef - Setup1 Executed..........
[INFO ] 2022-10-03 18:22:29.506 [main] StepDef - Chrome Browser Launched
[FATAL] 2022-10-03 18:23:12.324 [main] StepDef - Setup1 Executed..........
[INFO ] 2022-10-03 18:23:12.471 [main] StepDef - Chrome Browser Launched
[FATAL] 2022-10-03 18:23:16.938 [main] StepDef - Setup1 Executed..........
[INFO ] 2022-10-03 18:23:16.947 [main] StepDef - Chrome Browser Launched
[FATAL] 2022-10-03 18:33:43.669 [main] StepDef - Setup1 Executed..........
[INFO ] 2022-10-03 18:33:44.065 [main] StepDef - Chrome Browser Launched
[INFO ] 2022-10-03 18:33:46.777 [main] StepDef - Url Opened
[INFO ] 2022-10-03 18:33:49.960 [main] StepDef - email and password entered
[INFO ] 2022-10-03 18:33:57.620 [main] StepDef - Click On Login Button
[INFO ] 2022-10-03 18:33:57.674 [main] StepDef - user can view dashboard test passed.
[INFO ] 2022-10-03 18:33:57.961 [main] StepDef - customer menu clicked
[INFO ] 2022-10-03 18:34:01.249 [main] StepDef - customer menu item clicked
[INFO ] 2022-10-03 18:34:03.830 [main] StepDef - Clicked on search button.
[INFO ] 2022-10-03 18:34:05.199 [main] StepDef - Browser closed
[FATAL] 2022-10-03 18:34:09.587 [main] StepDef - Setup1 Executed..........
[INFO ] 2022-10-03 18:34:09.607 [main] StepDef - Chrome Browser Launched
[INFO ] 2022-10-03 18:34:10.891 [main] StepDef - Url Opened
[INFO ] 2022-10-03 18:34:13.445 [main] StepDef - email and password entered
[INFO ] 2022-10-03 18:34:18.852 [main] StepDef - Click On Login Button
[WARN ] 2022-10-03 18:34:18.895 [main] StepDef - Test passed: Login feature :Page title matched.
[FATAL] 2022-10-03 18:40:21.151 [main] StepDef - Setup1 Executed..........
[INFO ] 2022-10-03 18:40:21.351 [main] StepDef - Chrome Browser Launched
[INFO ] 2022-10-03 18:40:24.330 [main] StepDef - Url Opened
[INFO ] 2022-10-03 18:40:41.985 [main] StepDef - email and password entered
[INFO ] 2022-10-03 18:40:47.037 [main] StepDef - Click On Login Button
[INFO ] 2022-10-03 18:40:47.085 [main] StepDef - user can view dashboard test passed.
[INFO ] 2022-10-03 18:40:47.282 [main] StepDef - customer menu clicked
[INFO ] 2022-10-03 18:40:50.131 [main] StepDef - customer menu item clicked
[INFO ] 2022-10-03 18:40:52.682 [main] StepDef - Clicked on search button.
[INFO ] 2022-10-03 18:40:54.053 [main] StepDef - Browser closed
[FATAL] 2022-10-03 18:40:56.169 [main] StepDef - Setup1 Executed..........
[INFO ] 2022-10-03 18:40:56.176 [main] StepDef - Chrome Browser Launched
[INFO ] 2022-10-03 18:40:57.209 [main] StepDef - Url Opened
[INFO ] 2022-10-03 18:40:59.801 [main] StepDef - email and password entered
[INFO ] 2022-10-03 18:41:05.924 [main] StepDef - Click On Login Button
[WARN ] 2022-10-03 18:41:05.995 [main] StepDef - Test passed: Login feature :Page title matched.
[INFO ] 2022-10-03 18:41:10.323 [main] StepDef - user clicked on logout link.
[WARN ] 2022-10-03 18:41:10.339 [main] StepDef - Test passed: Login feature :Page title matched.
[INFO ] 2022-10-03 18:41:10.652 [main] StepDef - Browser closed
[FATAL] 2022-10-03 19:09:50.968 [main] StepDef - Setup1 Executed..........
[INFO ] 2022-10-03 19:09:52.274 [main] StepDef - Chrome Browser Launched
[INFO ] 2022-10-03 19:09:54.642 [main] StepDef - Url Opened
[INFO ] 2022-10-03 19:09:58.078 [main] StepDef - email and password entered
[INFO ] 2022-10-03 19:10:07.335 [main] StepDef - Click On Login Button
[INFO ] 2022-10-03 19:10:07.414 [main] StepDef - user can view dashboard test passed.
[INFO ] 2022-10-03 19:10:07.793 [main] StepDef - customer menu clicked
[INFO ] 2022-10-03 19:10:10.779 [main] StepDef - customer menu item clicked
[INFO ] 2022-10-03 19:10:13.474 [main] StepDef - Clicked on search button.
[INFO ] 2022-10-03 19:10:14.489 [main] StepDef - Browser closed
[FATAL] 2022-10-03 19:10:16.863 [main] StepDef - Setup1 Executed..........
[INFO ] 2022-10-03 19:10:16.867 [main] StepDef - Chrome Browser Launched
[INFO ] 2022-10-03 19:10:34.877 [main] StepDef - Url Opened
[INFO ] 2022-10-03 19:10:37.618 [main] StepDef - email and password entered
[INFO ] 2022-10-03 19:10:44.495 [main] StepDef - Click On Login Button
[WARN ] 2022-10-03 19:10:44.524 [main] StepDef - Test passed: Login feature :Page title matched.
